{
  "RSpec": {
    "coverage": {
      "/home/affable-lambda-1873/tic-tac-toe-rb-online-web-sp-000/lib/tic_tac_toe.rb": [
        1,
        0,
        null,
        null,
        null,
        null,
        1,
        null,
        null,
        1,
        null,
        13,
        88,
        88,
        88,
        null,
        88,
        88,
        88,
        null,
        88,
        null,
        null,
        null,
        null,
        1,
        69,
        null,
        null,
        1,
        8,
        null,
        null,
        1,
        3,
        null,
        null,
        1,
        3,
        null,
        null,
        null,
        1,
        27,
        27,
        243,
        45,
        null,
        null,
        27,
        null,
        null,
        null,
        1,
        26,
        26,
        null,
        null,
        1,
        30,
        30,
        30,
        30,
        30,
        null,
        null,
        1,
        47548,
        null,
        null,
        1,
        28,
        null,
        null,
        1,
        47560,
        null,
        null,
        1,
        47548,
        null,
        null,
        1,
        47555,
        47549,
        47545,
        47545,
        25,
        25,
        null,
        47520,
        null,
        null,
        null,
        null,
        1,
        12,
        12,
        35,
        23,
        null,
        null
      ]
    },
    "timestamp": 1589216769
  }
}
