{
  "RSpec": {
    "coverage": {
      "/home/affable-lambda-1873/tic-tac-toe-rb-online-web-sp-000/lib/tic_tac_toe.rb": [
        1,
        0,
        null,
        null,
        null,
        null,
        1,
        null,
        null,
        1,
        null,
        13,
        88,
        88,
        88,
        null,
        88,
        88,
        88,
        null,
        88,
        null,
        null,
        null,
        null,
        1,
        69,
        null,
        null,
        1,
        8,
        null,
        null,
        1,
        3,
        null,
        null,
        1,
        3,
        null,
        null,
        null,
        1,
        5,
        5,
        45,
        5,
        null,
        null,
        5,
        null,
        null,
        null,
        1,
        4,
        4,
        null,
        null,
        1,
        5,
        5,
        5,
        5,
        5,
        null,
        null,
        1,
        9322,
        null,
        null,
        1,
        6,
        null,
        null,
        1,
        9334,
        null,
        null,
        1,
        9322,
        null,
        null,
        1,
        9320,
        9319,
        9319,
        9319,
        3,
        3,
        null,
        9316,
        null,
        null,
        null,
        null,
        1,
        1,
        1,
        2,
        1,
        null,
        null
      ]
    },
    "timestamp": 1589216751
  }
}
